<?xml version="1.0" encoding="UTF-8"?>
<!-- Generated by org.testng.reporters.JUnitXMLReporter -->
<testsuite ignored="0" hostname="LAPTOP-2EFVOM3E" failures="1" tests="2" name="EdgeTest" time="77132.702" errors="0" timestamp="2024-08-21T20:17:59 IST">
  <testcase classname="testCases.TC_002_LoginTest" name="loginTest" time="19.471"/>
  <testcase classname="testCases.TC_001_AccountregistrationTest" name="Verify_accountRegistrationTest" time="1.681">
    <failure type="junit.framework.AssertionFailedError">
      <![CDATA[junit.framework.AssertionFailedError
at junit.framework.Assert.fail(Assert.java:47)
at junit.framework.Assert.fail(Assert.java:53)
at testCases.TC_001_AccountregistrationTest.Verify_accountRegistrationTest(TC_001_AccountregistrationTest.java:43)
at java.base/java.util.ArrayList.forEach(ArrayList.java:1511)
at java.base/java.util.concurrent.FutureTask.run(FutureTask.java:264)
at java.base/java.util.concurrent.ThreadPoolExecutor.runWorker(ThreadPoolExecutor.java:1136)
at java.base/java.util.concurrent.ThreadPoolExecutor$Worker.run(ThreadPoolExecutor.java:635)
at java.base/java.lang.Thread.run(Thread.java:833)
... Removed 17 stack frames]]>
    </failure>
  </testcase> <!-- Verify_accountRegistrationTest -->
</testsuite> <!-- EdgeTest -->
