<?xml version="1.0" encoding="UTF-8"?>
<!-- Generated by org.testng.reporters.JUnitXMLReporter -->
<testsuite ignored="1" hostname="LAPTOP-2EFVOM3E" failures="0" tests="2" name="Test" time="148.107" errors="0" timestamp="2024-08-30T23:41:47 IST">
  <testcase classname="testCases.TC_002_LoginTest" name="loginTest" time="1.546"/>
  <testcase classname="testCases.TC_001_AccountregistrationTest" name="Verify_accountRegistrationTest" time="4.007"/>
  <testcase classname="testCases.TC_003_LoginTestDDT" name="DataDrivenloginTest" time="0.0">
    <ignored/>
  </testcase> <!-- DataDrivenloginTest -->
</testsuite> <!-- Test -->
