<?xml version="1.0" encoding="UTF-8"?>
<testng-results ignored="0" total="1" passed="1" failed="0" skipped="0">
  <reporter-output>
  </reporter-output>
  <suite started-at="2024-08-30T22:17:01 IST" name="Suite" finished-at="2024-08-30T22:20:12 IST" duration-ms="191087">
    <groups>
      <group name="regression">
        <method signature="TC_001_AccountregistrationTest.Verify_accountRegistrationTest()[pri:0, instance:testCases.TC_001_AccountregistrationTest@7e809b79]" name="Verify_accountRegistrationTest" class="testCases.TC_001_AccountregistrationTest"/>
      </group> <!-- regression -->
      <group name="master">
        <method signature="TC_001_AccountregistrationTest.Verify_accountRegistrationTest()[pri:0, instance:testCases.TC_001_AccountregistrationTest@7e809b79]" name="Verify_accountRegistrationTest" class="testCases.TC_001_AccountregistrationTest"/>
      </group> <!-- master -->
    </groups>
    <test started-at="2024-08-30T22:17:01 IST" name="ChromeTest" finished-at="2024-08-30T22:20:12 IST" duration-ms="191087">
      <class name="testCases.TC_001_AccountregistrationTest">
        <test-method is-config="true" signature="setup(java.lang.String,java.lang.String)[pri:0, instance:testCases.TC_001_AccountregistrationTest@7e809b79]" started-at="2024-08-30T22:17:01 IST" name="setup" finished-at="2024-08-30T22:17:52 IST" duration-ms="50920" status="PASS">
          <params>
            <param index="0">
              <value>
                <![CDATA[windows]]>
              </value>
            </param>
            <param index="1">
              <value>
                <![CDATA[edge]]>
              </value>
            </param>
          </params>
          <reporter-output>
          </reporter-output>
        </test-method> <!-- setup -->
        <test-method signature="Verify_accountRegistrationTest()[pri:0, instance:testCases.TC_001_AccountregistrationTest@7e809b79]" started-at="2024-08-30T22:17:52 IST" name="Verify_accountRegistrationTest" description="Account Registration test" finished-at="2024-08-30T22:20:05 IST" duration-ms="133188" status="PASS">
          <reporter-output>
          </reporter-output>
        </test-method> <!-- Verify_accountRegistrationTest -->
        <test-method is-config="true" signature="tearDown()[pri:0, instance:testCases.TC_001_AccountregistrationTest@7e809b79]" started-at="2024-08-30T22:20:05 IST" name="tearDown" finished-at="2024-08-30T22:20:12 IST" duration-ms="6665" status="PASS">
          <reporter-output>
          </reporter-output>
        </test-method> <!-- tearDown -->
      </class> <!-- testCases.TC_001_AccountregistrationTest -->
    </test> <!-- ChromeTest -->
  </suite> <!-- Suite -->
</testng-results>
